SF:lib/src/open_meteo_api_client.dart
DA:28,1
DA:29,1
DA:32,1
DA:33,1
DA:36,1
DA:39,0
DA:41,0
DA:42,0
DA:45,0
DA:47,0
DA:49,0
DA:51,0
DA:53,0
DA:57,0
DA:61,0
DA:64,0
DA:65,0
DA:66,0
DA:71,0
DA:73,0
DA:74,0
DA:77,0
DA:79,0
DA:80,0
DA:83,0
DA:85,0
LF:26
LH:5
end_of_record
SF:lib/src/models/location.g.dart
DA:11,2
DA:14,1
DA:15,1
DA:16,2
DA:17,2
DA:18,3
DA:19,3
LF:7
LH:7
end_of_record
SF:lib/src/models/location.dart
DA:12,1
DA:19,1
DA:20,1
LF:3
LH:3
end_of_record
SF:lib/src/models/weather.dart
DA:11,1
DA:16,1
DA:17,1
LF:3
LH:3
end_of_record
SF:lib/src/models/weather.g.dart
DA:11,2
DA:14,1
DA:15,1
DA:17,3
DA:19,3
LF:5
LH:5
end_of_record
